<?xml version="1.0" encoding="UTF-8"?>
<testng-results skipped="0" failed="0" ignored="0" total="1" passed="1">
  <reporter-output>
  </reporter-output>
  <suite name="Default suite" duration-ms="2430" started-at="2023-07-09T19:07:04 IST" finished-at="2023-07-09T19:07:07 IST">
    <groups>
    </groups>
    <test name="Default test" duration-ms="2430" started-at="2023-07-09T19:07:04 IST" finished-at="2023-07-09T19:07:07 IST">
      <class name="DynamicJSON">
        <test-method status="PASS" signature="addBook()[pri:0, instance:DynamicJSON@25bbf683]" name="addBook" duration-ms="2395" started-at="2023-07-09T19:07:04 IST" finished-at="2023-07-09T19:07:07 IST">
          <reporter-output>
          </reporter-output>
        </test-method> <!-- addBook -->
      </class> <!-- DynamicJSON -->
    </test> <!-- Default test -->
  </suite> <!-- Default suite -->
</testng-results>
